  B3.c
C:\Users\USER\Desktop\BOJ\C\C\B3.c(30,10): warning C4098: 'BOJ2739': 'void' 함수에서 값을 반환하고 있습니다.
C:\Users\USER\Desktop\BOJ\C\C\B3.c(43,10): warning C4098: 'BOJ2438': 'void' 함수에서 값을 반환하고 있습니다.
C:\Users\USER\Desktop\BOJ\C\C\B3.c(53,10): warning C4098: 'BOJ2741': 'void' 함수에서 값을 반환하고 있습니다.
C:\Users\USER\Desktop\BOJ\C\C\B3.c(69,10): warning C4098: 'BOJ2439': 'void' 함수에서 값을 반환하고 있습니다.
C:\Users\USER\Desktop\BOJ\C\C\B3.c(79,10): warning C4098: 'BOJ2742': 'void' 함수에서 값을 반환하고 있습니다.
C:\Users\USER\Desktop\BOJ\C\C\B3.c(106,10): warning C4098: 'BOJ10950': 'void' 함수에서 값을 반환하고 있습니다.
C:\Users\USER\Desktop\BOJ\C\C\B3.c(131,10): warning C4098: 'BOJ10871': 'void' 함수에서 값을 반환하고 있습니다.
C:\Users\USER\Desktop\BOJ\C\C\B3.c(147,10): warning C4098: 'BOJ2884': 'void' 함수에서 값을 반환하고 있습니다.
C:\Users\USER\Desktop\BOJ\C\C\B3.c(159,10): warning C4098: 'BOJ10952': 'void' 함수에서 값을 반환하고 있습니다.
C:\Users\USER\Desktop\BOJ\C\C\B3.c(172,10): warning C4098: 'BOJ11021': 'void' 함수에서 값을 반환하고 있습니다.
C:\Users\USER\Desktop\BOJ\C\C\B3.c(185,10): warning C4098: 'BOJ11022': 'void' 함수에서 값을 반환하고 있습니다.
C:\Users\USER\Desktop\BOJ\C\C\B3.c(206,10): warning C4098: 'BOJ10818': 'void' 함수에서 값을 반환하고 있습니다.
C:\Users\USER\Desktop\BOJ\C\C\B3.c(217,10): warning C4098: 'BOJ10951': 'void' 함수에서 값을 반환하고 있습니다.
C:\Users\USER\Desktop\BOJ\C\C\B3.c(237,10): warning C4098: 'BOJ10817': 'void' 함수에서 값을 반환하고 있습니다.
C:\Users\USER\Desktop\BOJ\C\C\B3.c(249,10): warning C4098: 'BOJ10872': 'void' 함수에서 값을 반환하고 있습니다.
C:\Users\USER\Desktop\BOJ\C\C\B3.c(263,10): warning C4098: 'BOJ2440': 'void' 함수에서 값을 반환하고 있습니다.
C:\Users\USER\Desktop\BOJ\C\C\B3.c(279,10): warning C4098: 'BOJ2441': 'void' 함수에서 값을 반환하고 있습니다.
C:\Users\USER\Desktop\BOJ\C\C\B3.c(304,10): warning C4098: 'BOJ10250': 'void' 함수에서 값을 반환하고 있습니다.
C:\Users\USER\Desktop\BOJ\C\C\B3.c(310,13): warning C4013: 'gets'이(가) 정의되지 않았습니다. extern은 int형을 반환하는 것으로 간주합니다.
C:\Users\USER\Desktop\BOJ\C\C\B3.c(316,10): warning C4098: 'BOJ11718': 'void' 함수에서 값을 반환하고 있습니다.
C:\Users\USER\Desktop\BOJ\C\C\B3.c(332,10): warning C4098: 'BOJ1085': 'void' 함수에서 값을 반환하고 있습니다.
C:\Users\USER\Desktop\BOJ\C\C\B3.c(342,15): warning C4013: 'pow'이(가) 정의되지 않았습니다. extern은 int형을 반환하는 것으로 간주합니다.
C:\Users\USER\Desktop\BOJ\C\C\B3.c(347,10): warning C4098: 'BOJ4153': 'void' 함수에서 값을 반환하고 있습니다.
C:\Users\USER\Desktop\BOJ\C\C\B3.c(365,10): warning C4098: 'BOJ2442': 'void' 함수에서 값을 반환하고 있습니다.
C:\Users\USER\Desktop\BOJ\C\C\B3.c(393,10): warning C4098: 'BOJ2446': 'void' 함수에서 값을 반환하고 있습니다.
C:\Users\USER\Desktop\BOJ\C\C\B3.c(401,20): warning C4013: 'pibo'이(가) 정의되지 않았습니다. extern은 int형을 반환하는 것으로 간주합니다.
C:\Users\USER\Desktop\BOJ\C\C\B3.c(404,10): warning C4098: 'BOJ2747': 'void' 함수에서 값을 반환하고 있습니다.
C:\Users\USER\Desktop\BOJ\C\C\B3.c(420,12): warning C4244: 'return': '__int64'에서 'int'(으)로 변환하면서 데이터가 손실될 수 있습니다.
C:\Users\USER\Desktop\BOJ\C\C\B3.c(442,10): warning C4098: 'BOJ3009': 'void' 함수에서 값을 반환하고 있습니다.
C:\Users\USER\Desktop\BOJ\C\C\B3.c(453,10): warning C4098: 'BOJ3053': 'void' 함수에서 값을 반환하고 있습니다.
C:\Users\USER\Desktop\BOJ\C\C\B3.c(472,10): warning C4098: 'BOJ2523': 'void' 함수에서 값을 반환하고 있습니다.
C:\Users\USER\Desktop\BOJ\C\C\B3.c(503,10): warning C4098: 'BOJ2445': 'void' 함수에서 값을 반환하고 있습니다.
C:\Users\USER\Desktop\BOJ\C\C\B3.c(534,10): warning C4098: 'BOJ2444': 'void' 함수에서 값을 반환하고 있습니다.
C:\Users\USER\Desktop\BOJ\C\C\B3.c(553,10): warning C4098: 'BOJ2443': 'void' 함수에서 값을 반환하고 있습니다.
C:\Users\USER\Desktop\BOJ\C\C\B3.c(562,10): warning C4098: 'BOJ2163': 'void' 함수에서 값을 반환하고 있습니다.
C:\Users\USER\Desktop\BOJ\C\C\B3.c(586,10): warning C4098: 'BOJ2490': 'void' 함수에서 값을 반환하고 있습니다.
C:\Users\USER\Desktop\BOJ\C\C\B3.c(608,10): warning C4098: 'BOJ2455': 'void' 함수에서 값을 반환하고 있습니다.
C:\Users\USER\Desktop\BOJ\C\C\B3.c(694,10): warning C4098: 'BOJ1009': 'void' 함수에서 값을 반환하고 있습니다.
C:\Users\USER\Desktop\BOJ\C\C\B3.c(719,10): warning C4098: 'BOJ2522': 'void' 함수에서 값을 반환하고 있습니다.
C:\Users\USER\Desktop\BOJ\C\C\B3.c(728,12): warning C4098: 'BOJ5086': 'void' 함수에서 값을 반환하고 있습니다.
C:\Users\USER\Desktop\BOJ\C\C\B3.c(738,10): warning C4098: 'BOJ5086': 'void' 함수에서 값을 반환하고 있습니다.
C:\Users\USER\Desktop\BOJ\C\C\B3.c(760,10): warning C4098: 'BOJ2576': 'void' 함수에서 값을 반환하고 있습니다.
C:\Users\USER\Desktop\BOJ\C\C\B3.c(776,10): warning C4098: 'BOJ10991': 'void' 함수에서 값을 반환하고 있습니다.
C:\Users\USER\Desktop\BOJ\C\C\B3.c(820,10): warning C4098: 'BOJ10886': 'void' 함수에서 값을 반환하고 있습니다.
C:\Users\USER\Desktop\BOJ\C\C\B3.c(848,10): warning C4098: 'BOJ1212': 'void' 함수에서 값을 반환하고 있습니다.
C:\Users\USER\Desktop\BOJ\C\C\B3.c(875,10): warning C4098: 'BOJ2953': 'void' 함수에서 값을 반환하고 있습니다.
C:\Users\USER\Desktop\BOJ\C\C\B3.c(889,10): warning C4098: 'BOJ5565': 'void' 함수에서 값을 반환하고 있습니다.
C:\Users\USER\Desktop\BOJ\C\C\B3.c(902,12): warning C4098: 'BOJ2501': 'void' 함수에서 값을 반환하고 있습니다.
C:\Users\USER\Desktop\BOJ\C\C\B3.c(907,10): warning C4098: 'BOJ2501': 'void' 함수에서 값을 반환하고 있습니다.
C:\Users\USER\Desktop\BOJ\C\C\B3.c(963,10): warning C4098: 'BOJ2875': 'void' 함수에서 값을 반환하고 있습니다.
C:\Users\USER\Desktop\BOJ\C\C\B3.c(992,10): warning C4098: 'BOJ10824': 'void' 함수에서 값을 반환하고 있습니다.
C:\Users\USER\Desktop\BOJ\C\C\B3.c(1005,10): warning C4098: 'BOJ2010': 'void' 함수에서 값을 반환하고 있습니다.
C:\Users\USER\Desktop\BOJ\C\C\B3.c(1015,12): warning C4098: 'BOJ4101': 'void' 함수에서 값을 반환하고 있습니다.
C:\Users\USER\Desktop\BOJ\C\C\B3.c(1021,10): warning C4098: 'BOJ4101': 'void' 함수에서 값을 반환하고 있습니다.
C:\Users\USER\Desktop\BOJ\C\C\B3.c(1037,10): warning C4098: 'BOJ1547': 'void' 함수에서 값을 반환하고 있습니다.
C:\Users\USER\Desktop\BOJ\C\C\B3.c(1050,10): warning C4098: 'BOJ10833': 'void' 함수에서 값을 반환하고 있습니다.
C:\Users\USER\Desktop\BOJ\C\C\B3.c(1078,10): warning C4098: 'BOJ2506': 'void' 함수에서 값을 반환하고 있습니다.
  C.vcxproj -> C:\Users\USER\Desktop\BOJ\C\Debug\C.exe
